0 info it worked if it ends with ok
1 verbose cli [ 'C:\\Program Files\\nodejs\\node.exe',
1 verbose cli   'C:\\Program Files\\nodejs\\node_modules\\npm\\bin\\npm-cli.js',
1 verbose cli   'i',
1 verbose cli   'http://www.graphicsmagick.org' ]
2 info using npm@3.10.10
3 info using node@v6.11.1
4 silly loadCurrentTree Starting
5 silly install loadCurrentTree
6 silly install readLocalPackageData
7 silly fetchPackageMetaData http://www.graphicsmagick.org
8 silly fetchOtherPackageData http://www.graphicsmagick.org
9 silly cache add args [ 'http://www.graphicsmagick.org', null ]
10 verbose cache add spec http://www.graphicsmagick.org
11 silly cache add parsed spec Result {
11 silly cache add   raw: 'http://www.graphicsmagick.org',
11 silly cache add   scope: null,
11 silly cache add   escapedName: null,
11 silly cache add   name: null,
11 silly cache add   rawSpec: 'http://www.graphicsmagick.org',
11 silly cache add   spec: 'http://www.graphicsmagick.org',
11 silly cache add   type: 'remote' }
12 silly mapToRegistry name http://www.graphicsmagick.org
13 silly mapToRegistry using default registry
14 silly mapToRegistry registry https://registry.npmjs.org/
15 silly mapToRegistry data Result {
15 silly mapToRegistry   raw: 'http://www.graphicsmagick.org',
15 silly mapToRegistry   scope: null,
15 silly mapToRegistry   escapedName: null,
15 silly mapToRegistry   name: null,
15 silly mapToRegistry   rawSpec: 'http://www.graphicsmagick.org',
15 silly mapToRegistry   spec: 'http://www.graphicsmagick.org',
15 silly mapToRegistry   type: 'remote' }
16 silly mapToRegistry uri http://www.graphicsmagick.org
17 verbose addRemoteTarball http://www.graphicsmagick.org not in flight; adding
18 verbose addRemoteTarball [ 'http://www.graphicsmagick.org', null ]
19 info retry fetch attempt 1 at 16:31:14
20 info attempt registry request try #1 at 16:31:14
21 http fetch GET http://www.graphicsmagick.org/
22 verbose request id 8d7bc04d93053b53
23 http fetch 200 http://www.graphicsmagick.org
24 silly fetchAndShaCheck shasum 408b3d375e08f926cad339f8327edee6d96fc972
25 verbose addTmpTarball C:\Users\DELL-\AppData\Local\Temp\npm-8652-d411b08d\www.graphicsmagick.org not in flight; adding
26 verbose correctMkdir C:\Users\DELL-\AppData\Roaming\npm-cache correctMkdir not in flight; initializing
27 verbose addTmpTarball validating metadata from C:\Users\DELL-\AppData\Local\Temp\npm-8652-d411b08d\www.graphicsmagick.org
28 verbose tar unpack C:\Users\DELL-\AppData\Local\Temp\npm-8652-d411b08d\www.graphicsmagick.org
29 verbose tar unpacking to C:\Users\DELL-\AppData\Local\Temp\npm-8652-d411b08d\unpack-94726c4d
30 silly gentlyRm C:\Users\DELL-\AppData\Local\Temp\npm-8652-d411b08d\unpack-94726c4d is being purged
31 verbose gentlyRm don't care about contents; nuking C:\Users\DELL-\AppData\Local\Temp\npm-8652-d411b08d\unpack-94726c4d
32 silly gunzTarPerm modes [ '777', '666' ]
33 error not a package C:\Users\DELL-\AppData\Local\Temp\npm-8652-d411b08d\www.graphicsmagick.org
34 silly fetchPackageMetaData Error: ENOENT: no such file or directory, open 'C:\Users\DELL-\AppData\Local\Temp\npm-8652-d411b08d\unpack-94726c4d\package.json'
34 silly fetchPackageMetaData     at Error (native)
34 silly fetchPackageMetaData  error for http://www.graphicsmagick.org { Error: ENOENT: no such file or directory, open 'C:\Users\DELL-\AppData\Local\Temp\npm-8652-d411b08d\unpack-94726c4d\package.json'
34 silly fetchPackageMetaData     at Error (native)
34 silly fetchPackageMetaData   errno: -4058,
34 silly fetchPackageMetaData   code: 'ENOENT',
34 silly fetchPackageMetaData   syscall: 'open',
34 silly fetchPackageMetaData   path: 'C:\\Users\\DELL-\\AppData\\Local\\Temp\\npm-8652-d411b08d\\unpack-94726c4d\\package.json' }
35 silly rollbackFailedOptional Starting
36 silly rollbackFailedOptional Finishing
37 silly runTopLevelLifecycles Finishing
38 silly install printInstalled
39 verbose stack Error: ENOENT: no such file or directory, open 'C:\Users\DELL-\AppData\Local\Temp\npm-8652-d411b08d\unpack-94726c4d\package.json'
39 verbose stack     at Error (native)
40 verbose cwd F:\优才-1707\1707-my-web\my\上课笔记\day6\demo
41 error Windows_NT 6.2.9200
42 error argv "C:\\Program Files\\nodejs\\node.exe" "C:\\Program Files\\nodejs\\node_modules\\npm\\bin\\npm-cli.js" "i" "http://www.graphicsmagick.org"
43 error node v6.11.1
44 error npm  v3.10.10
45 error path C:\Users\DELL-\AppData\Local\Temp\npm-8652-d411b08d\unpack-94726c4d\package.json
46 error code ENOENT
47 error errno -4058
48 error syscall open
49 error enoent ENOENT: no such file or directory, open 'C:\Users\DELL-\AppData\Local\Temp\npm-8652-d411b08d\unpack-94726c4d\package.json'
50 error enoent ENOENT: no such file or directory, open 'C:\Users\DELL-\AppData\Local\Temp\npm-8652-d411b08d\unpack-94726c4d\package.json'
50 error enoent This is most likely not a problem with npm itself
50 error enoent and is related to npm not being able to find a file.
51 verbose exit [ -4058, true ]
