0 info it worked if it ends with ok
1 verbose cli [ 'C:\\Program Files\\nodejs\\node.exe',
1 verbose cli   'C:\\Users\\DELL-\\AppData\\Roaming\\npm\\node_modules\\cnpm\\node_modules\\npm\\bin\\npm-cli.js',
1 verbose cli   '--userconfig=C:\\Users\\DELL-\\.cnpmrc',
1 verbose cli   '--disturl=https://npm.taobao.org/mirrors/node',
1 verbose cli   '--registry=https://registry.npm.taobao.org',
1 verbose cli   'init',
1 verbose cli   '-y' ]
2 info using npm@3.10.8
3 info using node@v8.9.1
4 silly package data undefined
5 info init written successfully
6 verbose stack Error: Invalid name: "vue-路由"
6 verbose stack     at ensureValidName (C:\Users\DELL-\AppData\Roaming\npm\node_modules\cnpm\node_modules\npm\node_modules\normalize-package-data\lib\fixer.js:336:15)
6 verbose stack     at Object.fixNameField (C:\Users\DELL-\AppData\Roaming\npm\node_modules\cnpm\node_modules\npm\node_modules\normalize-package-data\lib\fixer.js:215:5)
6 verbose stack     at C:\Users\DELL-\AppData\Roaming\npm\node_modules\cnpm\node_modules\npm\node_modules\normalize-package-data\lib\normalize.js:32:38
6 verbose stack     at Array.forEach (<anonymous>)
6 verbose stack     at normalize (C:\Users\DELL-\AppData\Roaming\npm\node_modules\cnpm\node_modules\npm\node_modules\normalize-package-data\lib\normalize.js:31:15)
6 verbose stack     at final (C:\Users\DELL-\AppData\Roaming\npm\node_modules\cnpm\node_modules\npm\node_modules\read-package-json\read-json.js:349:5)
6 verbose stack     at then (C:\Users\DELL-\AppData\Roaming\npm\node_modules\cnpm\node_modules\npm\node_modules\read-package-json\read-json.js:124:5)
6 verbose stack     at ReadFileContext.<anonymous> (C:\Users\DELL-\AppData\Roaming\npm\node_modules\cnpm\node_modules\npm\node_modules\read-package-json\read-json.js:295:20)
6 verbose stack     at ReadFileContext.callback (C:\Users\DELL-\AppData\Roaming\npm\node_modules\cnpm\node_modules\npm\node_modules\graceful-fs\graceful-fs.js:78:16)
6 verbose stack     at FSReqWrap.readFileAfterOpen [as oncomplete] (fs.js:420:13)
7 verbose cwd F:\优才-1707\1707-my-web\my\2017.11.14-vue\vue-路由
8 error Windows_NT 6.2.9200
9 error argv "C:\\Program Files\\nodejs\\node.exe" "C:\\Users\\DELL-\\AppData\\Roaming\\npm\\node_modules\\cnpm\\node_modules\\npm\\bin\\npm-cli.js" "--userconfig=C:\\Users\\DELL-\\.cnpmrc" "--disturl=https://npm.taobao.org/mirrors/node" "--registry=https://registry.npm.taobao.org" "init" "-y"
10 error node v8.9.1
11 error npm  v3.10.8
12 error Invalid name: "vue-路由"
13 error If you need help, you may report this error at:
13 error     <https://github.com/npm/npm/issues>
14 verbose exit [ 1, true ]
